d:\документы\курсовые работы\3 сем\uchet_kurs\uchet_kurs\x64\debug\vc142.pdb
d:\документы\курсовые работы\3 сем\uchet_kurs\uchet_kurs\x64\debug\.netframework,version=v4.7.2.assemblyattributes.obj
d:\документы\курсовые работы\3 сем\uchet_kurs\uchet_kurs\x64\debug\source.obj
d:\документы\курсовые работы\3 сем\uchet_kurs\uchet_kurs\x64\debug\functions_convert.obj
d:\документы\курсовые работы\3 сем\uchet_kurs\uchet_kurs\x64\debug\frmwelcome.obj
d:\документы\курсовые работы\3 сем\uchet_kurs\uchet_kurs\x64\debug\frmenter.obj
d:\документы\курсовые работы\3 сем\uchet_kurs\uchet_kurs\x64\debug\frmchoose.obj
d:\документы\курсовые работы\3 сем\uchet_kurs\uchet_kurs\x64\debug\frmaddinf.obj
d:\документы\курсовые работы\3 сем\uchet_kurs\uchet_kurs\x64\debug\frmworkinfgrid.obj
d:\документы\курсовые работы\3 сем\uchet_kurs\x64\debug\uchet_kurs.exe
d:\документы\курсовые работы\3 сем\uchet_kurs\x64\debug\uchet_kurs.pdb
d:\документы\курсовые работы\3 сем\uchet_kurs\uchet_kurs\x64\debug\uchetkurs.frmworkinfgrid.resources
d:\документы\курсовые работы\3 сем\uchet_kurs\uchet_kurs\x64\debug\uchetkurs.frmaddinf.resources
d:\документы\курсовые работы\3 сем\uchet_kurs\uchet_kurs\x64\debug\uchetkurs.frmchoose.resources
d:\документы\курсовые работы\3 сем\uchet_kurs\uchet_kurs\x64\debug\uchetkurs.frmenter.resources
d:\документы\курсовые работы\3 сем\uchet_kurs\uchet_kurs\x64\debug\uchetkurs.frmwelcome.resources
d:\документы\курсовые работы\3 сем\uchet_kurs\uchet_kurs\x64\debug\uchet_kurs.tlog\cl.command.1.tlog
d:\документы\курсовые работы\3 сем\uchet_kurs\uchet_kurs\x64\debug\uchet_kurs.tlog\cl.read.1.tlog
d:\документы\курсовые работы\3 сем\uchet_kurs\uchet_kurs\x64\debug\uchet_kurs.tlog\cl.write.1.tlog
d:\документы\курсовые работы\3 сем\uchet_kurs\uchet_kurs\x64\debug\uchet_kurs.tlog\link.command.1.tlog
d:\документы\курсовые работы\3 сем\uchet_kurs\uchet_kurs\x64\debug\uchet_kurs.tlog\link.read.1.tlog
d:\документы\курсовые работы\3 сем\uchet_kurs\uchet_kurs\x64\debug\uchet_kurs.tlog\link.write.1.tlog
d:\документы\курсовые работы\3 сем\uchet_kurs\uchet_kurs\x64\debug\uchet_kurs.tlog\metagen.read.1.tlog
d:\документы\курсовые работы\3 сем\uchet_kurs\uchet_kurs\x64\debug\uchet_kurs.tlog\metagen.write.1.tlog
d:\документы\курсовые работы\3 сем\uchet_kurs\uchet_kurs\x64\debug\uchet_kurs.tlog\uchet_kurs.write.1u.tlog
